2018-02-23 22:59:29: Error: [Uncaught Error: Class 'Test\Hello' not found in D:\OSPanel\domains\todo-new\modules\test\main.php:44
Stack trace:
#0 D:\OSPanel\domains\todo-new\index.php(223): require()
#1 D:\OSPanel\domains\todo-new\index.php(247): FrontController::init('test')
#2 {main}
  thrown]
at file D:\OSPanel\domains\todo-new\modules\test\main.php in line 44
=================================================

2018-02-23 22:59:48: Error: [Uncaught Error: Class 'Test\Hello' not found in D:\OSPanel\domains\todo-new\modules\test\main.php:44
Stack trace:
#0 D:\OSPanel\domains\todo-new\index.php(223): require()
#1 D:\OSPanel\domains\todo-new\index.php(247): FrontController::init('test')
#2 {main}
  thrown]
at file D:\OSPanel\domains\todo-new\modules\test\main.php in line 44
=================================================

2018-02-23 23:00:27: Error: [Uncaught Error: Class 'Test\Hello' not found in D:\OSPanel\domains\todo-new\modules\test\main.php:44
Stack trace:
#0 D:\OSPanel\domains\todo-new\index.php(223): require()
#1 D:\OSPanel\domains\todo-new\index.php(247): FrontController::init('test')
#2 {main}
  thrown]
at file D:\OSPanel\domains\todo-new\modules\test\main.php in line 44
=================================================

2018-02-23 23:01:48: Error: [Uncaught Error: Class 'Test\Hello' not found in D:\OSPanel\domains\todo-new\modules\test\main.php:44
Stack trace:
#0 D:\OSPanel\domains\todo-new\index.php(223): require()
#1 D:\OSPanel\domains\todo-new\index.php(247): FrontController::init('test')
#2 {main}
  thrown]
at file D:\OSPanel\domains\todo-new\modules\test\main.php in line 44
=================================================

2018-02-23 23:02:40: Error: [Uncaught Error: Class 'Test\Hello' not found in D:\OSPanel\domains\todo-new\modules\test\main.php:44
Stack trace:
#0 D:\OSPanel\domains\todo-new\index.php(223): require()
#1 D:\OSPanel\domains\todo-new\index.php(247): FrontController::init('test')
#2 {main}
  thrown]
at file D:\OSPanel\domains\todo-new\modules\test\main.php in line 44
=================================================

2018-02-23 23:07:20: Error: [Uncaught Error: Class 'Ttest\Hello' not found in D:\OSPanel\domains\todo-new\modules\test\main.php:44
Stack trace:
#0 D:\OSPanel\domains\todo-new\index.php(223): require()
#1 D:\OSPanel\domains\todo-new\index.php(247): FrontController::init('test')
#2 {main}
  thrown]
at file D:\OSPanel\domains\todo-new\modules\test\main.php in line 44
=================================================

2018-02-23 23:07:45: Error: [Uncaught Error: Class 'Ttest\Hello' not found in D:\OSPanel\domains\todo-new\modules\test\main.php:44
Stack trace:
#0 D:\OSPanel\domains\todo-new\index.php(223): require()
#1 D:\OSPanel\domains\todo-new\index.php(247): FrontController::init('test')
#2 {main}
  thrown]
at file D:\OSPanel\domains\todo-new\modules\test\main.php in line 44
=================================================

2018-02-23 23:09:41: Deprecated: [Methods with the same name as their class will not be constructors in a future version of PHP; Hello has a deprecated constructor]
at file D:\OSPanel\domains\todo-new\library\test\hello.php in line 5
=================================================

2018-02-23 23:09:41: Error: [Uncaught Error: Class 'Test\Hello' not found in D:\OSPanel\domains\todo-new\modules\test\main.php:44
Stack trace:
#0 D:\OSPanel\domains\todo-new\index.php(223): require()
#1 D:\OSPanel\domains\todo-new\index.php(247): FrontController::init('test')
#2 {main}
  thrown]
at file D:\OSPanel\domains\todo-new\modules\test\main.php in line 44
=================================================

2018-02-23 23:20:06: Warning: [The use statement with non-compound name 'Test' has no effect]
at file D:\OSPanel\domains\todo-new\modules\test\main.php in line 2
=================================================

2018-02-23 23:22:45: Error: [Uncaught Error: Class 'Hello' not found in D:\OSPanel\domains\todo-new\modules\test\main.php:45
Stack trace:
#0 D:\OSPanel\domains\todo-new\index.php(223): require()
#1 D:\OSPanel\domains\todo-new\index.php(247): FrontController::init('test')
#2 {main}
  thrown]
at file D:\OSPanel\domains\todo-new\modules\test\main.php in line 45
=================================================

2018-02-26 22:01:16: Error: [Uncaught Error: Class 'Test' not found in D:\OSPanel\domains\todo-new\modules\test\main.php:45
Stack trace:
#0 D:\OSPanel\domains\todo-new\index.php(223): require()
#1 D:\OSPanel\domains\todo-new\index.php(247): FrontController::init('test')
#2 {main}
  thrown]
at file D:\OSPanel\domains\todo-new\modules\test\main.php in line 45
=================================================

2018-02-26 22:01:24: Error: [Uncaught Error: Class 'Test' not found in D:\OSPanel\domains\todo-new\modules\test\main.php:45
Stack trace:
#0 D:\OSPanel\domains\todo-new\index.php(223): require()
#1 D:\OSPanel\domains\todo-new\index.php(247): FrontController::init('test')
#2 {main}
  thrown]
at file D:\OSPanel\domains\todo-new\modules\test\main.php in line 45
=================================================

2018-02-26 23:21:40: Notice: [Array to string conversion]
at file D:\OSPanel\domains\todo-new\modules\test\main.php in line 3
=================================================

2018-02-26 23:26:40: Notice: [Undefined variable: 5 a.m.]
at file D:\OSPanel\domains\todo-new\modules\test\main.php in line 4
=================================================

2018-02-26 23:27:14: Notice: [Undefined variable: 5 a.m.]
at file D:\OSPanel\domains\todo-new\modules\test\main.php in line 4
=================================================

2018-02-26 23:42:33: Error: [Uncaught Error: Call to undefined function isees() in D:\OSPanel\domains\todo-new\modules\test\main.php:3
Stack trace:
#0 D:\OSPanel\domains\todo-new\index.php(223): require()
#1 D:\OSPanel\domains\todo-new\index.php(247): FrontController::init('test')
#2 {main}
  thrown]
at file D:\OSPanel\domains\todo-new\modules\test\main.php in line 3
=================================================

2018-03-06 21:27:13: Notice: [Undefined variable: key]
at file D:\OSPanel\domains\todo-new\modules\test\main.php in line 40
=================================================

2018-03-06 21:27:13: Notice: [Undefined variable: key]
at file D:\OSPanel\domains\todo-new\modules\test\main.php in line 40
=================================================

2018-03-06 21:27:13: Notice: [Undefined variable: key]
at file D:\OSPanel\domains\todo-new\modules\test\main.php in line 40
=================================================

2018-03-06 21:27:13: Notice: [Undefined variable: key]
at file D:\OSPanel\domains\todo-new\modules\test\main.php in line 40
=================================================

2018-03-06 21:27:13: Notice: [Undefined variable: key]
at file D:\OSPanel\domains\todo-new\modules\test\main.php in line 40
=================================================

2018-03-06 21:33:09: Warning: [Missing argument 2 for h(), called in D:\OSPanel\domains\todo-new\modules\test\main.php on line 51 and defined]
at file D:\OSPanel\domains\todo-new\modules\test\main.php in line 48
=================================================

2018-03-06 21:34:01: Warning: [Missing argument 2 for h(), called in D:\OSPanel\domains\todo-new\modules\test\main.php on line 47 and defined]
at file D:\OSPanel\domains\todo-new\modules\test\main.php in line 49
=================================================

2018-03-08 20:01:48: Error: [Trait 'traits\BadIp' not found]
at file D:\OSPanel\domains\todo-new\library\User.php in line 5
=================================================

2018-03-08 20:01:58: Error: [Trait 'traits\BadIp' not found]
at file D:\OSPanel\domains\todo-new\library\User.php in line 5
=================================================

2018-03-08 20:02:04: Error: [Uncaught Error: Undefined constant 'traits\BadIp' in D:\OSPanel\domains\todo-new\library\traits\badip.php:3
Stack trace:
#0 D:\OSPanel\domains\todo-new\vendor\schoolphp\library\Core\functions.php(83): require()
#1 [internal function]: myAuthoload('traits\\BadIp')
#2 D:\OSPanel\domains\todo-new\library\User.php(5): spl_autoload_call('traits\\BadIp')
#3 D:\OSPanel\domains\todo-new\vendor\schoolphp\library\Core\functions.php(72): require('D:\\OSPanel\\doma...')
#4 [internal function]: myAuthoload('User')
#5 D:\OSPanel\domains\todo-new\modules\_allmodules.php(25): spl_autoload_call('User')
#6 D:\OSPanel\domains\todo-new\index.php(56): require('D:\\OSPanel\\doma...')
#7 {main}
  thrown]
at file D:\OSPanel\domains\todo-new\library\traits\badip.php in line 3
=================================================

2018-03-08 20:02:10: Error: [Trait 'traits\BadIp' not found]
at file D:\OSPanel\domains\todo-new\library\User.php in line 5
=================================================

2018-03-08 20:03:40: Error: [Trait 'traitss\BadIp' not found]
at file D:\OSPanel\domains\todo-new\library\User.php in line 5
=================================================

2018-03-08 21:58:34: Warning: [Cannot modify header information - headers already sent by (output started at D:\OSPanel\domains\todo-new\vendor\schoolphp\library\Core\functions.php:3)]
at file D:\OSPanel\domains\todo-new\modules\admin\books\edit.php in line 138
=================================================

2018-03-08 22:18:57: Warning: [Cannot modify header information - headers already sent by (output started at D:\OSPanel\domains\todo-new\vendor\schoolphp\library\Core\functions.php:3)]
at file D:\OSPanel\domains\todo-new\modules\cab\cab.php in line 106
=================================================

2018-03-08 22:19:11: Notice: [Undefined offset: 0]
at file D:\OSPanel\domains\todo-new\modules\cab\cab.php in line 135
=================================================

2018-03-08 22:19:11: Notice: [Undefined offset: 1]
at file D:\OSPanel\domains\todo-new\modules\cab\cab.php in line 136
=================================================

2018-03-08 22:19:11: Notice: [Undefined offset: 2]
at file D:\OSPanel\domains\todo-new\modules\cab\cab.php in line 137
=================================================

2018-03-09 22:11:25: Warning: [date() expects at least 1 parameter, 0 given]
at file W:\domains\todo-new\library\mydate.php in line 7
=================================================

2018-03-09 22:21:04: Warning: [date_modify() expects parameter 1 to be DateTime, string given]
at file W:\domains\todo-new\library\mydate.php in line 7
=================================================

2018-03-09 22:53:19: Notice: [Undefined variable: month]
at file W:\domains\todo-new\library\mydate.php in line 13
=================================================

2018-03-09 22:53:27: Notice: [Undefined variable: month]
at file W:\domains\todo-new\library\mydate.php in line 13
=================================================

2018-03-09 22:55:45: Warning: [preg_match(): No ending delimiter '#' found]
at file W:\domains\todo-new\library\mydate.php in line 11
=================================================

2018-03-11 20:10:04: Error: [Uncaught ArgumentCountError: Too few arguments to function MyDateAdapter::format(), 0 passed in W:\domains\todo-new\modules\test\main.php on line 11 and exactly 1 expected in W:\domains\todo-new\library\MyDateAdapter.php:7
Stack trace:
#0 W:\domains\todo-new\modules\test\main.php(11): MyDateAdapter->format()
#1 W:\domains\todo-new\index.php(223): require('W:\\domains\\todo...')
#2 W:\domains\todo-new\index.php(247): FrontController::init('test')
#3 {main}
  thrown]
at file W:\domains\todo-new\library\MyDateAdapter.php in line 7
=================================================

2018-03-11 20:10:05: Error: [Uncaught ArgumentCountError: Too few arguments to function MyDateAdapter::format(), 0 passed in W:\domains\todo-new\modules\test\main.php on line 11 and exactly 1 expected in W:\domains\todo-new\library\MyDateAdapter.php:7
Stack trace:
#0 W:\domains\todo-new\modules\test\main.php(11): MyDateAdapter->format()
#1 W:\domains\todo-new\index.php(223): require('W:\\domains\\todo...')
#2 W:\domains\todo-new\index.php(247): FrontController::init('test')
#3 {main}
  thrown]
at file W:\domains\todo-new\library\MyDateAdapter.php in line 7
=================================================

2018-03-11 21:24:00: Error: [Uncaught Exception: DateTime::__construct(): Failed to parse time string (blas) at position 0 (b): The timezone could not be found in the database in W:\domains\todo-new\modules\test\main.php:13
Stack trace:
#0 W:\domains\todo-new\modules\test\main.php(13): DateTime->__construct('blas')
#1 W:\domains\todo-new\index.php(223): require('W:\\domains\\todo...')
#2 W:\domains\todo-new\index.php(247): FrontController::init('test')
#3 {main}
  thrown]
at file W:\domains\todo-new\modules\test\main.php in line 13
=================================================

2018-03-11 21:25:19: Warning: [DateTime::__construct(): Failed to parse time string (blas) at position 0 (b): The timezone could not be found in the database]
at file W:\domains\todo-new\modules\test\main.php in line 14
=================================================

2018-03-11 21:29:39: Warning: [DateTime::__construct(): Failed to parse time string (12 марта 2018 года) at position 0 (1): Unexpected character]
at file W:\domains\todo-new\library\MyDateAdapter.php in line 10
=================================================

2018-03-11 21:30:23: Error: [Uncaught Exception: DateTime::__construct(): Failed to parse time string (12 марта 2018 года) at position 0 (1): Unexpected character in W:\domains\todo-new\library\MyDateAdapter.php:9
Stack trace:
#0 W:\domains\todo-new\library\MyDateAdapter.php(9): DateTime->__construct('12 \xD0\xBC\xD0\xB0\xD1\x80\xD1\x82\xD0\xB0 2...')
#1 W:\domains\todo-new\modules\test\main.php(12): MyDateAdapter->format('12 \xD0\xBC\xD0\xB0\xD1\x80\xD1\x82\xD0\xB0 2...')
#2 W:\domains\todo-new\index.php(223): require('W:\\domains\\todo...')
#3 W:\domains\todo-new\index.php(247): FrontController::init('test')
#4 {main}
  thrown]
at file W:\domains\todo-new\library\MyDateAdapter.php in line 9
=================================================

2018-03-11 21:30:30: Warning: [DateTime::__construct(): Failed to parse time string (12 марта 2018 года) at position 0 (1): Unexpected character]
at file W:\domains\todo-new\library\MyDateAdapter.php in line 10
=================================================

2018-03-11 21:30:41: Warning: [DateTime::__construct(): Failed to parse time string (12 марта 2018 года) at position 0 (1): Unexpected character]
at file W:\domains\todo-new\library\MyDateAdapter.php in line 10
=================================================

2018-03-11 21:30:42: Warning: [DateTime::__construct(): Failed to parse time string (12 марта 2018 года) at position 0 (1): Unexpected character]
at file W:\domains\todo-new\library\MyDateAdapter.php in line 10
=================================================

2018-03-11 21:33:35: Warning: [Use of undefined constant echo2 - assumed 'echo2' (this will throw an Error in a future version of PHP)]
at file W:\domains\todo-new\library\MyDateAdapter.php in line 15
=================================================

2018-03-11 21:39:42: Error: [Uncaught Exception: Введен некорректный формат даты in W:\domains\todo-new\library\MyDateAdapter.php:8
Stack trace:
#0 W:\domains\todo-new\library\MyDateAdapter.php(15): MyDateAdapter->getError()
#1 W:\domains\todo-new\modules\test\main.php(12): MyDateAdapter->format('asd')
#2 W:\domains\todo-new\index.php(223): require('W:\\domains\\todo...')
#3 W:\domains\todo-new\index.php(247): FrontController::init('test')
#4 {main}
  thrown]
at file W:\domains\todo-new\library\MyDateAdapter.php in line 8
=================================================

2018-03-11 22:05:35: Warning: [DateTime::__construct(): Failed to parse time string (32-06-2018) at position 8 (1): Unexpected character]
at file W:\domains\todo-new\library\MyDateAdapter.php in line 26
=================================================

2018-03-11 22:06:59: Warning: [DateTime::__construct(): Failed to parse time string (22--2018) at position 0 (2): Unexpected character]
at file W:\domains\todo-new\library\MyDateAdapter.php in line 24
=================================================

2018-03-11 22:56:54: Error: [Trait 'traits\NumToMonth' not found]
at file W:\domains\todo-new\library\MyDate.php in line 10
=================================================

2018-03-12 22:26:22: Error: [Uncaught Exception: DateTime::__construct(): Failed to parse time string (13 марта 2018 года) at position 0 (1): Unexpected character in W:\domains\todo-new\library\MyDateAdapter.php:21
Stack trace:
#0 W:\domains\todo-new\library\MyDateAdapter.php(21): DateTime->__construct('13 \xD0\xBC\xD0\xB0\xD1\x80\xD1\x82\xD0\xB0 2...')
#1 W:\domains\todo-new\modules\test\main.php(14): MyDateAdapter->format()
#2 W:\domains\todo-new\index.php(223): require('W:\\domains\\todo...')
#3 W:\domains\todo-new\index.php(247): FrontController::init('test')
#4 {main}
  thrown]
at file W:\domains\todo-new\library\MyDateAdapter.php in line 21
=================================================

2018-03-12 22:27:50: Warning: [DateTime::__construct(): Failed to parse time string (13 марта 2018 года) at position 0 (1): Unexpected character]
at file W:\domains\todo-new\library\MyDateAdapter.php in line 22
=================================================

2018-03-12 22:28:53: Warning: [DateTime::__construct(): Failed to parse time string (13 марта 2018 года) at position 0 (1): Unexpected character]
at file W:\domains\todo-new\library\MyDateAdapter.php in line 23
=================================================

2018-03-12 22:29:02: Warning: [DateTime::__construct(): Failed to parse time string (13 марта 2018 года) at position 0 (1): Unexpected character]
at file W:\domains\todo-new\library\MyDateAdapter.php in line 23
=================================================

2018-03-12 22:30:06: Warning: [DateTime::__construct(): Failed to parse time string (13 марта 2018 года) at position 0 (1): Unexpected character]
at file W:\domains\todo-new\library\MyDateAdapter.php in line 23
=================================================

2018-03-12 22:30:22: Warning: [DateTime::__construct(): Failed to parse time string (13 марта 2018 года) at position 0 (1): Unexpected character]
at file W:\domains\todo-new\library\MyDateAdapter.php in line 23
=================================================

2018-03-12 22:30:24: Warning: [DateTime::__construct(): Failed to parse time string (13 марта 2018 года) at position 0 (1): Unexpected character]
at file W:\domains\todo-new\library\MyDateAdapter.php in line 23
=================================================

2018-03-12 22:32:01: Warning: [DateTime::__construct(): Failed to parse time string (13 марта 2018 года) at position 0 (1): Unexpected character]
at file W:\domains\todo-new\library\MyDateAdapter.php in line 22
=================================================

